<?xml version="1.0" encoding="UTF-8"?>
<!-- Generated by org.testng.reporters.JUnitReportReporter -->
<testsuite skipped="0" hostname="eagle-pc" name="com.ust.rest.Rest" tests="2" failures="0" timestamp="2020-05-09T14:06:04 IST" time="9.348" errors="0">
  <testcase name="createPetWithData" time="8.067" classname="com.ust.rest.Rest"/>
  <system-out/>
  <testcase name="createPetWithData" time="1.281" classname="com.ust.rest.Rest"/>
  <system-out/>
</testsuite> <!-- com.ust.rest.Rest -->
